<?xml version="1.0" encoding="UTF-8"?>
<testsuite name="LexerTests" tests="1" skipped="0" failures="0" errors="0" timestamp="2021-10-03T15:54:27" hostname="YOUPENDRADESKTO" time="0.014">
  <properties/>
  <testcase name="shouldTokenizeExpressions()" classname="LexerTests" time="0.014"/>
  <system-out><![CDATA[]]></system-out>
  <system-err><![CDATA[]]></system-err>
</testsuite>
